# JRE version: Java(TM) SE Runtime Environment (8.0_191-b12) (build 1.8.0_191-b12)
# Java VM: Java HotSpot(TM) 64-Bit Server VM (25.191-b12 mixed mode windows-amd64 compressed oops)
Heap:
 PSYoungGen      total 19456K, used 15728K [0x00000000ebb80000, 0x00000000ed200000, 0x0000000100000000)
  eden space 15872K, 95% used [0x00000000ebb80000,0x00000000eca44328,0x00000000ecb00000)
  from space 3584K, 16% used [0x00000000ecb00000,0x00000000ecb98000,0x00000000ece80000)
  to   space 3584K, 0% used [0x00000000ece80000,0x00000000ece80000,0x00000000ed200000)
 ParOldGen       total 42496K, used 13696K [0x00000000c3200000, 0x00000000c5b80000, 0x00000000ebb80000)
  object space 42496K, 32% used [0x00000000c3200000,0x00000000c3f60170,0x00000000c5b80000)
 Metaspace       used 15579K, capacity 15778K, committed 16128K, reserved 1062912K
  class space    used 1882K, capacity 1967K, committed 2048K, reserved 1048576K
GC Heap History (10 events):
Event: 1486.531 GC heap before
{Heap before GC invocations=7 (full 0):
 PSYoungGen      total 18944K, used 18080K [0x00000000ebb80000, 0x00000000ed100000, 0x0000000100000000)
  eden space 15872K, 100% used [0x00000000ebb80000,0x00000000ecb00000,0x00000000ecb00000)
  from space 3072K, 71% used [0x00000000ece00000,0x00000000ed028020,0x00000000ed100000)
  to   space 3072K, 0% used [0x00000000ecb00000,0x00000000ecb00000,0x00000000ece00000)
 ParOldGen       total 42496K, used 11412K [0x00000000c3200000, 0x00000000c5b80000, 0x00000000ebb80000)
  object space 42496K, 26% used [0x00000000c3200000,0x00000000c3d25030,0x00000000c5b80000)
 Metaspace       used 13228K, capacity 13434K, committed 13824K, reserved 1060864K
  class space    used 1611K, capacity 1675K, committed 1792K, reserved 1048576K
Event: 1486.543 GC heap after
Heap after GC invocations=7 (full 0):
 PSYoungGen      total 18944K, used 256K [0x00000000ebb80000, 0x00000000ed200000, 0x0000000100000000)
  eden space 15872K, 0% used [0x00000000ebb80000,0x00000000ebb80000,0x00000000ecb00000)
  from space 3072K, 8% used [0x00000000ecb00000,0x00000000ecb40000,0x00000000ece00000)
  to   space 3584K, 0% used [0x00000000ece80000,0x00000000ece80000,0x00000000ed200000)
 ParOldGen       total 42496K, used 13425K [0x00000000c3200000, 0x00000000c5b80000, 0x00000000ebb80000)
  object space 42496K, 31% used [0x00000000c3200000,0x00000000c3f1c4c0,0x00000000c5b80000)
 Metaspace       used 13228K, capacity 13434K, committed 13824K, reserved 1060864K
  class space    used 1611K, capacity 1675K, committed 1792K, reserved 1048576K
}
Event: 1589.865 GC heap before
{Heap before GC invocations=8 (full 0):
 PSYoungGen      total 18944K, used 16128K [0x00000000ebb80000, 0x00000000ed200000, 0x0000000100000000)
  eden space 15872K, 100% used [0x00000000ebb80000,0x00000000ecb00000,0x00000000ecb00000)
  from space 3072K, 8% used [0x00000000ecb00000,0x00000000ecb40000,0x00000000ece00000)
  to   space 3584K, 0% used [0x00000000ece80000,0x00000000ece80000,0x00000000ed200000)
 ParOldGen       total 42496K, used 13425K [0x00000000c3200000, 0x00000000c5b80000, 0x00000000ebb80000)
  object space 42496K, 31% used [0x00000000c3200000,0x00000000c3f1c4c0,0x00000000c5b80000)
 Metaspace       used 13228K, capacity 13434K, committed 13824K, reserved 1060864K
  class space    used 1611K, capacity 1675K, committed 1792K, reserved 1048576K
Event: 1589.868 GC heap after
Heap after GC invocations=8 (full 0):
 PSYoungGen      total 19456K, used 192K [0x00000000ebb80000, 0x00000000ed200000, 0x0000000100000000)
  eden space 15872K, 0% used [0x00000000ebb80000,0x00000000ebb80000,0x00000000ecb00000)
  from space 3584K, 5% used [0x00000000ece80000,0x00000000eceb0000,0x00000000ed200000)
  to   space 3584K, 0% used [0x00000000ecb00000,0x00000000ecb00000,0x00000000ece80000)
 ParOldGen       total 42496K, used 13466K [0x00000000c3200000, 0x00000000c5b80000, 0x00000000ebb80000)
  object space 42496K, 31% used [0x00000000c3200000,0x00000000c3f26a80,0x00000000c5b80000)
 Metaspace       used 13228K, capacity 13434K, committed 13824K, reserved 1060864K
  class space    used 1611K, capacity 1675K, committed 1792K, reserved 1048576K
}
Event: 1691.095 GC heap before
{Heap before GC invocations=9 (full 0):
 PSYoungGen      total 19456K, used 16064K [0x00000000ebb80000, 0x00000000ed200000, 0x0000000100000000)
  eden space 15872K, 100% used [0x00000000ebb80000,0x00000000ecb00000,0x00000000ecb00000)
  from space 3584K, 5% used [0x00000000ece80000,0x00000000eceb0000,0x00000000ed200000)
  to   space 3584K, 0% used [0x00000000ecb00000,0x00000000ecb00000,0x00000000ece80000)
 ParOldGen       total 42496K, used 13466K [0x00000000c3200000, 0x00000000c5b80000, 0x00000000ebb80000)
  object space 42496K, 31% used [0x00000000c3200000,0x00000000c3f26a80,0x00000000c5b80000)
 Metaspace       used 13228K, capacity 13434K, committed 13824K, reserved 1060864K
  class space    used 1611K, capacity 1675K, committed 1792K, reserved 1048576K
Event: 1691.097 GC heap after
Heap after GC invocations=9 (full 0):
 PSYoungGen      total 19456K, used 192K [0x00000000ebb80000, 0x00000000ed200000, 0x0000000100000000)
  eden space 15872K, 0% used [0x00000000ebb80000,0x00000000ebb80000,0x00000000ecb00000)
  from space 3584K, 5% used [0x00000000ecb00000,0x00000000ecb30000,0x00000000ece80000)
  to   space 3584K, 0% used [0x00000000ece80000,0x00000000ece80000,0x00000000ed200000)
 ParOldGen       total 42496K, used 13498K [0x00000000c3200000, 0x00000000c5b80000, 0x00000000ebb80000)
  object space 42496K, 31% used [0x00000000c3200000,0x00000000c3f2ea80,0x00000000c5b80000)
 Metaspace       used 13228K, capacity 13434K, committed 13824K, reserved 1060864K
  class space    used 1611K, capacity 1675K, committed 1792K, reserved 1048576K
}
Event: 1820.817 GC heap before
{Heap before GC invocations=10 (full 0):
 PSYoungGen      total 19456K, used 16064K [0x00000000ebb80000, 0x00000000ed200000, 0x0000000100000000)
  eden space 15872K, 100% used [0x00000000ebb80000,0x00000000ecb00000,0x00000000ecb00000)
  from space 3584K, 5% used [0x00000000ecb00000,0x00000000ecb30000,0x00000000ece80000)
  to   space 3584K, 0% used [0x00000000ece80000,0x00000000ece80000,0x00000000ed200000)
 ParOldGen       total 42496K, used 13498K [0x00000000c3200000, 0x00000000c5b80000, 0x00000000ebb80000)
  object space 42496K, 31% used [0x00000000c3200000,0x00000000c3f2ea80,0x00000000c5b80000)
 Metaspace       used 13260K, capacity 13434K, committed 13824K, reserved 1060864K
  class space    used 1613K, capacity 1675K, committed 1792K, reserved 1048576K
Event: 1820.819 GC heap after
Heap after GC invocations=10 (full 0):
 PSYoungGen      total 19456K, used 352K [0x00000000ebb80000, 0x00000000ed200000, 0x0000000100000000)
  eden space 15872K, 0% used [0x00000000ebb80000,0x00000000ebb80000,0x00000000ecb00000)
  from space 3584K, 9% used [0x00000000ece80000,0x00000000eced8000,0x00000000ed200000)
  to   space 3584K, 0% used [0x00000000ecb00000,0x00000000ecb00000,0x00000000ece80000)
 ParOldGen       total 42496K, used 13522K [0x00000000c3200000, 0x00000000c5b80000, 0x00000000ebb80000)
  object space 42496K, 31% used [0x00000000c3200000,0x00000000c3f34a80,0x00000000c5b80000)
 Metaspace       used 13260K, capacity 13434K, committed 13824K, reserved 1060864K
  class space    used 1613K, capacity 1675K, committed 1792K, reserved 1048576K
}
Event: 1885.585 GC heap before
{Heap before GC invocations=11 (full 0):
 PSYoungGen      total 19456K, used 16224K [0x00000000ebb80000, 0x00000000ed200000, 0x0000000100000000)
  eden space 15872K, 100% used [0x00000000ebb80000,0x00000000ecb00000,0x00000000ecb00000)
  from space 3584K, 9% used [0x00000000ece80000,0x00000000eced8000,0x00000000ed200000)
  to   space 3584K, 0% used [0x00000000ecb00000,0x00000000ecb00000,0x00000000ece80000)
 ParOldGen       total 42496K, used 13522K [0x00000000c3200000, 0x00000000c5b80000, 0x00000000ebb80000)
  object space 42496K, 31% used [0x00000000c3200000,0x00000000c3f34a80,0x00000000c5b80000)
 Metaspace       used 13689K, capacity 13890K, committed 14080K, reserved 1060864K
  class space    used 1684K, capacity 1743K, committed 1792K, reserved 1048576K
Event: 1885.589 GC heap after
Heap after GC invocations=11 (full 0):
 PSYoungGen      total 19456K, used 608K [0x00000000ebb80000, 0x00000000ed200000, 0x0000000100000000)
  eden space 15872K, 0% used [0x00000000ebb80000,0x00000000ebb80000,0x00000000ecb00000)
  from space 3584K, 16% used [0x00000000ecb00000,0x00000000ecb98000,0x00000000ece80000)
  to   space 3584K, 0% used [0x00000000ece80000,0x00000000ece80000,0x00000000ed200000)
 ParOldGen       total 42496K, used 13696K [0x00000000c3200000, 0x00000000c5b80000, 0x00000000ebb80000)
  object space 42496K, 32% used [0x00000000c3200000,0x00000000c3f60170,0x00000000c5b80000)
 Metaspace       used 13689K, capacity 13890K, committed 14080K, reserved 1060864K
  class space    used 1684K, capacity 1743K, committed 1792K, reserved 1048576K
}

