# JRE version: Java(TM) SE Runtime Environment (8.0_191-b12) (build 1.8.0_191-b12)
# Java VM: Java HotSpot(TM) 64-Bit Server VM (25.191-b12 mixed mode windows-amd64 compressed oops)
Heap:
 PSYoungGen      total 18432K, used 13749K [0x00000000ebb80000, 0x00000000ed000000, 0x0000000100000000)
  eden space 15872K, 86% used [0x00000000ebb80000,0x00000000ec8ed460,0x00000000ecb00000)
  from space 2560K, 0% used [0x00000000ecd80000,0x00000000ecd80000,0x00000000ed000000)
  to   space 2560K, 0% used [0x00000000ecb00000,0x00000000ecb00000,0x00000000ecd80000)
 ParOldGen       total 44544K, used 13666K [0x00000000c3200000, 0x00000000c5d80000, 0x00000000ebb80000)
  object space 44544K, 30% used [0x00000000c3200000,0x00000000c3f58908,0x00000000c5d80000)
 Metaspace       used 18037K, capacity 18364K, committed 18688K, reserved 1064960K
  class space    used 2150K, capacity 2272K, committed 2304K, reserved 1048576K
GC Heap History (10 events):
Event: 27.879 GC heap before
{Heap before GC invocations=1 (full 0):
 PSYoungGen      total 18432K, used 15872K [0x00000000ebb80000, 0x00000000ed000000, 0x0000000100000000)
  eden space 15872K, 100% used [0x00000000ebb80000,0x00000000ecb00000,0x00000000ecb00000)
  from space 2560K, 0% used [0x00000000ecd80000,0x00000000ecd80000,0x00000000ed000000)
  to   space 2560K, 0% used [0x00000000ecb00000,0x00000000ecb00000,0x00000000ecd80000)
 ParOldGen       total 42496K, used 0K [0x00000000c3200000, 0x00000000c5b80000, 0x00000000ebb80000)
  object space 42496K, 0% used [0x00000000c3200000,0x00000000c3200000,0x00000000c5b80000)
 Metaspace       used 11627K, capacity 11838K, committed 12032K, reserved 1060864K
  class space    used 1444K, capacity 1515K, committed 1536K, reserved 1048576K
Event: 27.894 GC heap after
Heap after GC invocations=1 (full 0):
 PSYoungGen      total 18432K, used 2096K [0x00000000ebb80000, 0x00000000ed000000, 0x0000000100000000)
  eden space 15872K, 0% used [0x00000000ebb80000,0x00000000ebb80000,0x00000000ecb00000)
  from space 2560K, 81% used [0x00000000ecb00000,0x00000000ecd0c010,0x00000000ecd80000)
  to   space 2560K, 0% used [0x00000000ecd80000,0x00000000ecd80000,0x00000000ed000000)
 ParOldGen       total 42496K, used 10521K [0x00000000c3200000, 0x00000000c5b80000, 0x00000000ebb80000)
  object space 42496K, 24% used [0x00000000c3200000,0x00000000c3c46510,0x00000000c5b80000)
 Metaspace       used 11627K, capacity 11838K, committed 12032K, reserved 1060864K
  class space    used 1444K, capacity 1515K, committed 1536K, reserved 1048576K
}
Event: 50.681 GC heap before
{Heap before GC invocations=2 (full 0):
 PSYoungGen      total 18432K, used 17968K [0x00000000ebb80000, 0x00000000ed000000, 0x0000000100000000)
  eden space 15872K, 100% used [0x00000000ebb80000,0x00000000ecb00000,0x00000000ecb00000)
  from space 2560K, 81% used [0x00000000ecb00000,0x00000000ecd0c010,0x00000000ecd80000)
  to   space 2560K, 0% used [0x00000000ecd80000,0x00000000ecd80000,0x00000000ed000000)
 ParOldGen       total 42496K, used 10521K [0x00000000c3200000, 0x00000000c5b80000, 0x00000000ebb80000)
  object space 42496K, 24% used [0x00000000c3200000,0x00000000c3c46510,0x00000000c5b80000)
 Metaspace       used 15001K, capacity 15196K, committed 15488K, reserved 1062912K
  class space    used 1854K, capacity 1909K, committed 1920K, reserved 1048576K
Event: 50.702 GC heap after
Heap after GC invocations=2 (full 0):
 PSYoungGen      total 18432K, used 2560K [0x00000000ebb80000, 0x00000000ed000000, 0x0000000100000000)
  eden space 15872K, 0% used [0x00000000ebb80000,0x00000000ebb80000,0x00000000ecb00000)
  from space 2560K, 100% used [0x00000000ecd80000,0x00000000ed000000,0x00000000ed000000)
  to   space 2560K, 0% used [0x00000000ecb00000,0x00000000ecb00000,0x00000000ecd80000)
 ParOldGen       total 42496K, used 22757K [0x00000000c3200000, 0x00000000c5b80000, 0x00000000ebb80000)
  object space 42496K, 53% used [0x00000000c3200000,0x00000000c48394d0,0x00000000c5b80000)
 Metaspace       used 15001K, capacity 15196K, committed 15488K, reserved 1062912K
  class space    used 1854K, capacity 1909K, committed 1920K, reserved 1048576K
}
Event: 76.789 GC heap before
{Heap before GC invocations=3 (full 0):
 PSYoungGen      total 18432K, used 18432K [0x00000000ebb80000, 0x00000000ed000000, 0x0000000100000000)
  eden space 15872K, 100% used [0x00000000ebb80000,0x00000000ecb00000,0x00000000ecb00000)
  from space 2560K, 100% used [0x00000000ecd80000,0x00000000ed000000,0x00000000ed000000)
  to   space 2560K, 0% used [0x00000000ecb00000,0x00000000ecb00000,0x00000000ecd80000)
 ParOldGen       total 42496K, used 22757K [0x00000000c3200000, 0x00000000c5b80000, 0x00000000ebb80000)
  object space 42496K, 53% used [0x00000000c3200000,0x00000000c48394d0,0x00000000c5b80000)
 Metaspace       used 16072K, capacity 16284K, committed 16384K, reserved 1062912K
  class space    used 1953K, capacity 2048K, committed 2048K, reserved 1048576K
Event: 76.800 GC heap after
Heap after GC invocations=3 (full 0):
 PSYoungGen      total 18432K, used 2560K [0x00000000ebb80000, 0x00000000ed000000, 0x0000000100000000)
  eden space 15872K, 0% used [0x00000000ebb80000,0x00000000ebb80000,0x00000000ecb00000)
  from space 2560K, 100% used [0x00000000ecb00000,0x00000000ecd80000,0x00000000ecd80000)
  to   space 2560K, 0% used [0x00000000ecd80000,0x00000000ecd80000,0x00000000ed000000)
 ParOldGen       total 42496K, used 26180K [0x00000000c3200000, 0x00000000c5b80000, 0x00000000ebb80000)
  object space 42496K, 61% used [0x00000000c3200000,0x00000000c4b910b8,0x00000000c5b80000)
 Metaspace       used 16072K, capacity 16284K, committed 16384K, reserved 1062912K
  class space    used 1953K, capacity 2048K, committed 2048K, reserved 1048576K
}
Event: 194.887 GC heap before
{Heap before GC invocations=4 (full 0):
 PSYoungGen      total 18432K, used 18432K [0x00000000ebb80000, 0x00000000ed000000, 0x0000000100000000)
  eden space 15872K, 100% used [0x00000000ebb80000,0x00000000ecb00000,0x00000000ecb00000)
  from space 2560K, 100% used [0x00000000ecb00000,0x00000000ecd80000,0x00000000ecd80000)
  to   space 2560K, 0% used [0x00000000ecd80000,0x00000000ecd80000,0x00000000ed000000)
 ParOldGen       total 42496K, used 26180K [0x00000000c3200000, 0x00000000c5b80000, 0x00000000ebb80000)
  object space 42496K, 61% used [0x00000000c3200000,0x00000000c4b910b8,0x00000000c5b80000)
 Metaspace       used 16355K, capacity 16604K, committed 16896K, reserved 1064960K
  class space    used 1954K, capacity 2048K, committed 2048K, reserved 1048576K
Event: 194.898 GC heap after
Heap after GC invocations=4 (full 0):
 PSYoungGen      total 18432K, used 2560K [0x00000000ebb80000, 0x00000000ed000000, 0x0000000100000000)
  eden space 15872K, 0% used [0x00000000ebb80000,0x00000000ebb80000,0x00000000ecb00000)
  from space 2560K, 100% used [0x00000000ecd80000,0x00000000ed000000,0x00000000ed000000)
  to   space 2560K, 0% used [0x00000000ecb00000,0x00000000ecb00000,0x00000000ecd80000)
 ParOldGen       total 42496K, used 30509K [0x00000000c3200000, 0x00000000c5b80000, 0x00000000ebb80000)
  object space 42496K, 71% used [0x00000000c3200000,0x00000000c4fcb598,0x00000000c5b80000)
 Metaspace       used 16355K, capacity 16604K, committed 16896K, reserved 1064960K
  class space    used 1954K, capacity 2048K, committed 2048K, reserved 1048576K
}
Event: 194.898 GC heap before
{Heap before GC invocations=5 (full 1):
 PSYoungGen      total 18432K, used 2560K [0x00000000ebb80000, 0x00000000ed000000, 0x0000000100000000)
  eden space 15872K, 0% used [0x00000000ebb80000,0x00000000ebb80000,0x00000000ecb00000)
  from space 2560K, 100% used [0x00000000ecd80000,0x00000000ed000000,0x00000000ed000000)
  to   space 2560K, 0% used [0x00000000ecb00000,0x00000000ecb00000,0x00000000ecd80000)
 ParOldGen       total 42496K, used 30509K [0x00000000c3200000, 0x00000000c5b80000, 0x00000000ebb80000)
  object space 42496K, 71% used [0x00000000c3200000,0x00000000c4fcb598,0x00000000c5b80000)
 Metaspace       used 16355K, capacity 16604K, committed 16896K, reserved 1064960K
  class space    used 1954K, capacity 2048K, committed 2048K, reserved 1048576K
Event: 194.991 GC heap after
Heap after GC invocations=5 (full 1):
 PSYoungGen      total 18432K, used 0K [0x00000000ebb80000, 0x00000000ed000000, 0x0000000100000000)
  eden space 15872K, 0% used [0x00000000ebb80000,0x00000000ebb80000,0x00000000ecb00000)
  from space 2560K, 0% used [0x00000000ecd80000,0x00000000ecd80000,0x00000000ed000000)
  to   space 2560K, 0% used [0x00000000ecb00000,0x00000000ecb00000,0x00000000ecd80000)
 ParOldGen       total 44544K, used 13666K [0x00000000c3200000, 0x00000000c5d80000, 0x00000000ebb80000)
  object space 44544K, 30% used [0x00000000c3200000,0x00000000c3f58908,0x00000000c5d80000)
 Metaspace       used 16355K, capacity 16604K, committed 16896K, reserved 1064960K
  class space    used 1954K, capacity 2048K, committed 2048K, reserved 1048576K
}

